  lab2.0.cpp
C:\Program Files\Microsoft Visual Studio\2022\Professional\VC\Tools\MSVC\14.33.31629\include\xstddef(117,1): error C2676: бинарный "<": "const _Ty" не определяет этот оператор или преобразование к типу приемлемо к встроенному оператору
          with
          [
              _Ty=Point
          ]
C:\Program Files\Microsoft Visual Studio\2022\Professional\VC\Tools\MSVC\14.33.31629\include\map(585,17): message : может быть "bool std::operator <(const std::multimap<_Kty,_Ty,_Pr,_Alloc> &,const std::multimap<_Kty,_Ty,_Pr,_Alloc> &)"
C:\Program Files\Microsoft Visual Studio\2022\Professional\VC\Tools\MSVC\14.33.31629\include\xstddef(117,1): error C2784: bool std::operator <(const std::multimap<_Kty,_Ty,_Pr,_Alloc> &,const std::multimap<_Kty,_Ty,_Pr,_Alloc> &): не удается составить аргумент шаблон для "const std::multimap<_Kty,_Ty,_Pr,_Alloc> &" от "const _Ty"
          with
          [
              _Ty=Point
          ]
C:\Program Files\Microsoft Visual Studio\2022\Professional\VC\Tools\MSVC\14.33.31629\include\map(585): message : см. объявление "std::operator <"
C:\Program Files\Microsoft Visual Studio\2022\Professional\VC\Tools\MSVC\14.33.31629\include\xstddef(117,1): error C2784: bool std::operator <(const std::map<_Kty,_Ty,_Pr,_Alloc> &,const std::map<_Kty,_Ty,_Pr,_Alloc> &): не удается составить аргумент шаблон для "const std::map<_Kty,_Ty,_Pr,_Alloc> &" от "const _Ty"
          with
          [
              _Ty=Point
          ]
C:\Program Files\Microsoft Visual Studio\2022\Professional\VC\Tools\MSVC\14.33.31629\include\xstddef(117,1): error C2784: bool std::operator <(const std::tuple<_Types...> &,const std::tuple<_Types...> &): не удается составить аргумент шаблон для "const std::tuple<_Types...> &" от "const _Ty"
          with
          [
              _Ty=Point
          ]
C:\Program Files\Microsoft Visual Studio\2022\Professional\VC\Tools\MSVC\14.33.31629\include\xstddef(117,1): error C2784: bool std::operator <(const std::queue<_Ty,_Container> &,const std::queue<_Ty,_Container> &): не удается составить аргумент шаблон для "const std::queue<_Ty,_Container> &" от "const _Ty"
          with
          [
              _Ty=Point
          ]
C:\Program Files\Microsoft Visual Studio\2022\Professional\VC\Tools\MSVC\14.33.31629\include\xstddef(117,1): error C2784: bool std::operator <(const std::deque<_Ty,_Alloc> &,const std::deque<_Ty,_Alloc> &): не удается составить аргумент шаблон для "const std::deque<_Ty,_Alloc> &" от "const _Ty"
          with
          [
              _Ty=Point
          ]
C:\Program Files\Microsoft Visual Studio\2022\Professional\VC\Tools\MSVC\14.33.31629\include\xstddef(117,1): error C2784: bool std::operator <(const std::vector<_Ty,_Alloc> &,const std::vector<_Ty,_Alloc> &): не удается составить аргумент шаблон для "const std::vector<_Ty,_Alloc> &" от "const _Ty"
          with
          [
              _Ty=Point
          ]
C:\Program Files\Microsoft Visual Studio\2022\Professional\VC\Tools\MSVC\14.33.31629\include\xstddef(117,1): error C2784: bool std::operator <(std::nullptr_t,const std::unique_ptr<_Ty,_Dx> &): не удается составить аргумент шаблон для "const std::unique_ptr<_Ty,_Dx> &" от "const _Ty"
          with
          [
              _Ty=Point
          ]
C:\Program Files\Microsoft Visual Studio\2022\Professional\VC\Tools\MSVC\14.33.31629\include\xstddef(117,1): error C2784: bool std::operator <(const std::unique_ptr<_Ty,_Dx> &,std::nullptr_t): не удается составить аргумент шаблон для "const std::unique_ptr<_Ty,_Dx> &" от "const _Ty"
          with
          [
              _Ty=Point
          ]
C:\Program Files\Microsoft Visual Studio\2022\Professional\VC\Tools\MSVC\14.33.31629\include\xstddef(117,1): error C2784: bool std::operator <(const std::unique_ptr<_Ty,_Dx> &,const std::unique_ptr<_Ty2,_Dx2> &): не удается составить аргумент шаблон для "const std::unique_ptr<_Ty,_Dx> &" от "const _Ty"
          with
          [
              _Ty=Point
          ]
C:\Program Files\Microsoft Visual Studio\2022\Professional\VC\Tools\MSVC\14.33.31629\include\xstddef(117,1): error C2784: bool std::operator <(std::nullptr_t,const std::shared_ptr<_Ty> &) noexcept: не удается составить аргумент шаблон для "const std::shared_ptr<_Ty> &" от "const _Ty"
          with
          [
              _Ty=Point
          ]
C:\Program Files\Microsoft Visual Studio\2022\Professional\VC\Tools\MSVC\14.33.31629\include\xstddef(117,1): error C2784: bool std::operator <(const std::shared_ptr<_Ty> &,std::nullptr_t) noexcept: не удается составить аргумент шаблон для "const std::shared_ptr<_Ty> &" от "const _Ty"
          with
          [
              _Ty=Point
          ]
C:\Program Files\Microsoft Visual Studio\2022\Professional\VC\Tools\MSVC\14.33.31629\include\xstddef(117,1): error C2784: bool std::operator <(const std::shared_ptr<_Ty> &,const std::shared_ptr<_Ty0> &) noexcept: не удается составить аргумент шаблон для "const std::shared_ptr<_Ty> &" от "const _Ty"
          with
          [
              _Ty=Point
          ]
C:\Program Files\Microsoft Visual Studio\2022\Professional\VC\Tools\MSVC\14.33.31629\include\xstddef(117,1): error C2784: bool std::operator <(const std::basic_string<_Elem,_Traits,_Alloc> &,const _Elem *const ): не удается составить аргумент шаблон для "const std::basic_string<_Elem,_Traits,_Alloc> &" от "const _Ty"
          with
          [
              _Ty=Point
          ]
C:\Program Files\Microsoft Visual Studio\2022\Professional\VC\Tools\MSVC\14.33.31629\include\xstddef(117,1): error C2784: bool std::operator <(const _Elem *const ,const std::basic_string<_Elem,_Traits,_Alloc> &): не удается составить аргумент шаблон для "const _Elem *const " от "const _Ty"
          with
          [
              _Ty=Point
          ]
C:\Program Files\Microsoft Visual Studio\2022\Professional\VC\Tools\MSVC\14.33.31629\include\xstddef(117,1): error C2784: bool std::operator <(const std::basic_string<_Elem,_Traits,_Alloc> &,const std::basic_string<_Elem,_Traits,_Alloc> &) noexcept: не удается составить аргумент шаблон для "const std::basic_string<_Elem,_Traits,_Alloc> &" от "const _Ty"
          with
          [
              _Ty=Point
          ]
C:\Program Files\Microsoft Visual Studio\2022\Professional\VC\Tools\MSVC\14.33.31629\include\xstddef(117,1): error C2784: bool std::operator <(const std::move_iterator<_Iter> &,const std::move_iterator<_Iter2> &): не удается составить аргумент шаблон для "const std::move_iterator<_Iter> &" от "const _Ty"
          with
          [
              _Ty=Point
          ]
C:\Program Files\Microsoft Visual Studio\2022\Professional\VC\Tools\MSVC\14.33.31629\include\xstddef(117,1): error C2784: bool std::operator <(const std::reverse_iterator<_BidIt> &,const std::reverse_iterator<_BidIt2> &): не удается составить аргумент шаблон для "const std::reverse_iterator<_BidIt> &" от "const _Ty"
          with
          [
              _Ty=Point
          ]
C:\Program Files\Microsoft Visual Studio\2022\Professional\VC\Tools\MSVC\14.33.31629\include\xstddef(117,1): error C2784: bool std::operator <(const std::pair<_Ty1,_Ty2> &,const std::pair<_Ty1,_Ty2> &): не удается составить аргумент шаблон для "const std::pair<_Ty1,_Ty2> &" от "const _Ty"
          with
          [
              _Ty=Point
          ]
